0 info it worked if it ends with ok
1 verbose cli [ '/Users/sheldonbazzell/.nvm/versions/node/v7.6.0/bin/node',
1 verbose cli   '/Users/sheldonbazzell/.nvm/versions/node/v7.6.0/bin/npm',
1 verbose cli   'start' ]
2 info using npm@4.1.2
3 info using node@v7.6.0
4 verbose config Skipping project config: /Users/sheldonbazzell/.npmrc. (matches userconfig)
5 verbose stack Error: ENOENT: no such file or directory, open '/Users/sheldonbazzell/package.json'
6 verbose cwd /Users/sheldonbazzell/Desktop/Folders/Dev/JavaScript/paypal_hack/Team6/TBP-Creating_Opportunity_Ecosystem
7 error Darwin 16.7.0
8 error argv "/Users/sheldonbazzell/.nvm/versions/node/v7.6.0/bin/node" "/Users/sheldonbazzell/.nvm/versions/node/v7.6.0/bin/npm" "start"
9 error node v7.6.0
10 error npm  v4.1.2
11 error path /Users/sheldonbazzell/package.json
12 error code ENOENT
13 error errno -2
14 error syscall open
15 error enoent ENOENT: no such file or directory, open '/Users/sheldonbazzell/package.json'
16 error enoent ENOENT: no such file or directory, open '/Users/sheldonbazzell/package.json'
16 error enoent This is most likely not a problem with npm itself
16 error enoent and is related to npm not being able to find a file.
17 verbose exit [ -2, true ]
